<?xml version="1.0" encoding="UTF-8"?>
<!-- Generated by org.testng.reporters.JUnitReportReporter -->
<testsuite hostname="DESKTOP-4M4G3TN" failures="0" tests="2" name="testNG.TestNGClass" time="0.012" errors="0" timestamp="2021-08-28T18:23:10 IST" skipped="0">
  <testcase classname="testNG.TestNGClass" name="test2" time="0.010"/>
  <system-out/>
  <testcase classname="testNG.TestNGClass" name="test3" time="0.002"/>
  <system-out/>
</testsuite> <!-- testNG.TestNGClass -->
